2023-11-19 18:38:44,305 - ERROR - missing required parameter requestId.
2023-11-19 18:38:44,306 - DEBUG - Received POST Request, from API.
2023-11-19 18:38:44,306 - ERROR - Invalid http request method GET
2023-11-19 18:38:44,306 - ERROR - Invalid http request method PUT
2023-11-19 18:38:44,306 - ERROR - Invalid http request method post
2023-11-19 18:38:44,306 - ERROR - Invalid http request method 
2023-11-19 18:38:44,306 - ERROR - missing required parameter owner.
2023-11-19 18:40:03,302 - ERROR - missing required parameter requestId.
2023-11-19 18:40:03,303 - DEBUG - Received POST Request, from API.
2023-11-19 18:40:03,303 - ERROR - Invalid http request method GET
2023-11-19 18:40:03,303 - ERROR - Invalid http request method PUT
2023-11-19 18:40:03,303 - ERROR - Invalid http request method post
2023-11-19 18:40:03,303 - ERROR - Invalid http request method 
2023-11-19 18:40:03,304 - ERROR - missing required parameter owner.
2023-11-19 21:06:23,992 - ERROR - missing required parameter requestId.
2023-11-19 21:06:23,992 - DEBUG - Received POST Request, from API.
2023-11-19 21:06:23,992 - ERROR - Invalid http request method GET
2023-11-19 21:06:23,992 - ERROR - Invalid http request method PUT
2023-11-19 21:06:23,992 - ERROR - Invalid http request method post
2023-11-19 21:06:23,992 - ERROR - Invalid http request method 
2023-11-19 21:06:23,993 - ERROR - missing required parameter owner.
2023-11-19 21:09:47,577 - ERROR - missing required parameter requestId.
2023-11-19 21:09:47,578 - DEBUG - Received POST Request, from API.
2023-11-19 21:09:47,578 - ERROR - Invalid http request method GET
2023-11-19 21:09:47,578 - ERROR - Invalid http request method PUT
2023-11-19 21:09:47,578 - ERROR - Invalid http request method post
2023-11-19 21:09:47,578 - ERROR - Invalid http request method 
2023-11-19 21:09:47,578 - ERROR - missing required parameter owner.
2023-11-19 21:21:05,324 - ERROR - missing required parameter requestId.
2023-11-19 21:21:05,325 - DEBUG - Received POST Request, from API.
2023-11-19 21:21:05,325 - ERROR - Invalid http request method GET
2023-11-19 21:21:05,325 - ERROR - Invalid http request method PUT
2023-11-19 21:21:05,325 - ERROR - Invalid http request method post
2023-11-19 21:21:05,325 - ERROR - Invalid http request method 
2023-11-19 21:21:05,326 - ERROR - missing required parameter owner.
2023-11-19 21:21:12,720 - ERROR - missing required parameter requestId.
2023-11-19 21:21:12,720 - DEBUG - Received POST Request, from API.
2023-11-19 21:21:12,720 - ERROR - Invalid http request method GET
2023-11-19 21:21:12,721 - ERROR - Invalid http request method PUT
2023-11-19 21:21:12,721 - ERROR - Invalid http request method post
2023-11-19 21:21:12,721 - ERROR - Invalid http request method 
2023-11-19 21:21:12,721 - ERROR - missing required parameter owner.
2023-11-20 16:22:20,856 - ERROR - missing required parameter requestId.
2023-11-20 16:22:20,857 - DEBUG - Received POST Request, from API.
2023-11-20 16:22:20,857 - ERROR - Invalid http request method GET
2023-11-20 16:22:20,857 - ERROR - Invalid http request method PUT
2023-11-20 16:22:20,857 - ERROR - Invalid http request method post
2023-11-20 16:22:20,857 - ERROR - Invalid http request method 
2023-11-20 16:22:20,857 - ERROR - missing required parameter owner.
2023-11-20 16:24:42,109 - DEBUG - Received POST Request, from API.
2023-11-20 16:24:42,109 - ERROR - Invalid http request method GET
2023-11-20 16:24:42,109 - ERROR - Invalid http request method PUT
2023-11-20 16:24:42,109 - ERROR - Invalid http request method post
2023-11-20 16:24:42,109 - ERROR - Invalid http request method 
2023-11-20 16:26:07,003 - DEBUG - Received POST Request, from API.
2023-11-20 16:26:07,003 - ERROR - Invalid http request method GET
2023-11-20 16:26:07,003 - ERROR - Invalid http request method PUT
2023-11-20 16:26:07,003 - ERROR - Invalid http request method post
2023-11-20 16:26:07,003 - ERROR - Invalid http request method 
2023-11-20 16:26:26,255 - DEBUG - Received POST Request, from API.
2023-11-20 16:26:26,255 - ERROR - Invalid http request method GET
2023-11-20 16:26:26,255 - ERROR - Invalid http request method PUT
2023-11-20 16:26:26,255 - ERROR - Invalid http request method post
2023-11-20 16:26:26,255 - ERROR - Invalid http request method 
2023-11-20 16:26:53,447 - DEBUG - Received POST Request, from API.
2023-11-20 16:26:53,447 - ERROR - Invalid http request method GET
2023-11-20 16:26:53,448 - ERROR - Invalid http request method PUT
2023-11-20 16:26:53,448 - ERROR - Invalid http request method post
2023-11-20 16:26:53,448 - ERROR - Invalid http request method 
2023-11-20 16:28:33,310 - DEBUG - Received POST Request, from API.
2023-11-20 16:28:33,310 - ERROR - Invalid http request method GET
2023-11-20 16:28:33,310 - ERROR - Invalid http request method PUT
2023-11-20 16:28:33,310 - ERROR - Invalid http request method post
2023-11-20 16:28:33,310 - ERROR - Invalid http request method 
2023-11-20 16:28:33,316 - ERROR - missing required parameter owner.
2023-11-20 16:28:57,812 - DEBUG - Received POST Request, from API.
2023-11-20 16:28:57,813 - ERROR - Invalid http request method GET
2023-11-20 16:28:57,813 - ERROR - Invalid http request method PUT
2023-11-20 16:28:57,813 - ERROR - Invalid http request method post
2023-11-20 16:28:57,813 - ERROR - Invalid http request method 
2023-11-20 16:28:57,821 - ERROR - missing required parameter owner.
2023-11-20 16:29:35,609 - DEBUG - Received POST Request, from API.
2023-11-20 16:29:35,609 - ERROR - Invalid http request method GET
2023-11-20 16:29:35,609 - ERROR - Invalid http request method PUT
2023-11-20 16:29:35,609 - ERROR - Invalid http request method post
2023-11-20 16:29:35,609 - ERROR - Invalid http request method 
2023-11-20 16:29:35,612 - ERROR - missing required parameter owner.
2023-11-20 16:30:19,449 - DEBUG - Received POST Request, from API.
2023-11-20 16:30:19,449 - ERROR - Invalid http request method GET
2023-11-20 16:30:19,449 - ERROR - Invalid http request method PUT
2023-11-20 16:30:19,449 - ERROR - Invalid http request method post
2023-11-20 16:30:19,449 - ERROR - Invalid http request method 
2023-11-20 16:30:19,461 - ERROR - missing required parameter owner.
2023-11-20 16:30:53,580 - DEBUG - Received POST Request, from API.
2023-11-20 16:30:53,581 - ERROR - Invalid http request method GET
2023-11-20 16:30:53,581 - ERROR - Invalid http request method PUT
2023-11-20 16:30:53,581 - ERROR - Invalid http request method post
2023-11-20 16:30:53,581 - ERROR - Invalid http request method 
2023-11-20 16:30:53,595 - ERROR - missing required parameter owner.
2023-11-20 16:33:07,217 - DEBUG - Received POST Request, from API.
2023-11-20 16:33:07,217 - ERROR - Invalid http request method GET
2023-11-20 16:33:07,217 - ERROR - Invalid http request method PUT
2023-11-20 16:33:07,217 - ERROR - Invalid http request method post
2023-11-20 16:33:07,217 - ERROR - Invalid http request method 
2023-11-20 16:33:07,226 - ERROR - missing required parameter owner.
2023-11-20 16:33:25,368 - DEBUG - Received POST Request, from API.
2023-11-20 16:33:25,368 - ERROR - Invalid http request method GET
2023-11-20 16:33:25,368 - ERROR - Invalid http request method PUT
2023-11-20 16:33:25,368 - ERROR - Invalid http request method post
2023-11-20 16:33:25,368 - ERROR - Invalid http request method 
2023-11-20 16:33:25,372 - ERROR - missing required parameter owner.
2023-11-20 16:34:01,511 - DEBUG - Received POST Request, from API.
2023-11-20 16:34:01,511 - ERROR - Invalid http request method GET
2023-11-20 16:34:01,511 - ERROR - Invalid http request method PUT
2023-11-20 16:34:01,511 - ERROR - Invalid http request method post
2023-11-20 16:34:01,511 - ERROR - Invalid http request method 
2023-11-20 16:34:01,519 - ERROR - missing required parameter owner.
2023-11-20 16:36:35,756 - DEBUG - Received POST Request, from API.
2023-11-20 16:36:35,756 - ERROR - Invalid http request method GET
2023-11-20 16:36:35,756 - ERROR - Invalid http request method PUT
2023-11-20 16:36:35,756 - ERROR - Invalid http request method post
2023-11-20 16:36:35,756 - ERROR - Invalid http request method 
2023-11-20 16:36:35,757 - ERROR - missing required parameter owner.
2023-11-20 16:37:27,996 - DEBUG - Received POST Request, from API.
2023-11-20 16:37:27,996 - ERROR - Invalid http request method GET
2023-11-20 16:37:27,996 - ERROR - Invalid http request method PUT
2023-11-20 16:37:27,996 - ERROR - Invalid http request method post
2023-11-20 16:37:27,996 - ERROR - Invalid http request method 
2023-11-20 16:37:27,997 - ERROR - missing required parameter owner.
2023-11-20 16:38:09,269 - ERROR - missing required parameter requestId.
2023-11-20 16:38:09,269 - DEBUG - Received POST Request, from API.
2023-11-20 16:38:09,270 - ERROR - Invalid http request method GET
2023-11-20 16:38:09,270 - ERROR - Invalid http request method PUT
2023-11-20 16:38:09,270 - ERROR - Invalid http request method post
2023-11-20 16:38:09,270 - ERROR - Invalid http request method 
2023-11-20 16:38:09,270 - ERROR - missing required parameter owner.
2023-11-20 17:23:49,526 - ERROR - missing required parameter requestId.
2023-11-20 17:23:49,527 - DEBUG - Received POST Request, from API.
2023-11-20 17:23:49,527 - ERROR - Invalid http request method GET
2023-11-20 17:23:49,527 - ERROR - Invalid http request method PUT
2023-11-20 17:23:49,527 - ERROR - Invalid http request method post
2023-11-20 17:23:49,527 - ERROR - Invalid http request method 
2023-11-20 17:23:49,528 - ERROR - missing required parameter owner.
